[1.998s] DEBUG:colcon:Command line arguments: ['/usr/bin/colcon', 'build', '--symlink-install']
[1.998s] DEBUG:colcon:Parsed command line arguments: Namespace(log_base=None, log_level=None, verb_name='build', build_base='build', install_base='install', merge_install=False, symlink_install=True, test_result_base=None, continue_on_error=False, executor='parallel', parallel_workers=8, event_handlers=None, ignore_user_meta=False, metas=['./colcon.meta'], base_paths=['.'], packages_ignore=None, packages_ignore_regex=None, paths=None, packages_up_to=None, packages_up_to_regex=None, packages_above=None, packages_above_and_dependencies=None, packages_above_depth=None, packages_select_by_dep=None, packages_skip_by_dep=None, packages_skip_up_to=None, packages_select_build_failed=False, packages_skip_build_finished=False, packages_select_test_failures=False, packages_skip_test_passed=False, packages_select=None, packages_skip=None, packages_select_regex=None, packages_skip_regex=None, packages_start=None, packages_end=None, allow_overriding=[], cmake_args=None, cmake_target=None, cmake_target_skip_unavailable=False, cmake_clean_cache=False, cmake_clean_first=False, cmake_force_configure=False, ament_cmake_args=None, catkin_cmake_args=None, catkin_skip_building_tests=False, verb_parser=<colcon_defaults.argument_parser.defaults.DefaultArgumentsDecorator object at 0x7fdda5c15ed0>, verb_extension=<colcon_core.verb.build.BuildVerb object at 0x7fdda5c15150>, main=<bound method BuildVerb.main of <colcon_core.verb.build.BuildVerb object at 0x7fdda5c15150>>)
[2.091s] Level 1:colcon.colcon_core.package_discovery:discover_packages(colcon_meta) check parameters
[2.091s] Level 1:colcon.colcon_core.package_discovery:discover_packages(recursive) check parameters
[2.091s] Level 1:colcon.colcon_core.package_discovery:discover_packages(ignore) check parameters
[2.091s] Level 1:colcon.colcon_core.package_discovery:discover_packages(path) check parameters
[2.092s] Level 1:colcon.colcon_core.package_discovery:discover_packages(colcon_meta) discover
[2.092s] Level 1:colcon.colcon_core.package_discovery:discover_packages(recursive) discover
[2.092s] INFO:colcon.colcon_core.package_discovery:Crawling recursively for packages in '/home/fiend/ros2_ws'
[2.092s] Level 1:colcon.colcon_core.package_identification:_identify(.) by extensions ['ignore', 'ignore_ament_install']
[2.092s] Level 1:colcon.colcon_core.package_identification:_identify(.) by extension 'ignore'
[2.092s] Level 1:colcon.colcon_core.package_identification:_identify(.) by extension 'ignore_ament_install'
[2.092s] Level 1:colcon.colcon_core.package_identification:_identify(.) by extensions ['colcon_pkg']
[2.092s] Level 1:colcon.colcon_core.package_identification:_identify(.) by extension 'colcon_pkg'
[2.093s] Level 1:colcon.colcon_core.package_identification:_identify(.) by extensions ['colcon_meta']
[2.093s] Level 1:colcon.colcon_core.package_identification:_identify(.) by extension 'colcon_meta'
[2.093s] Level 1:colcon.colcon_core.package_identification:_identify(.) by extensions ['ros']
[2.093s] Level 1:colcon.colcon_core.package_identification:_identify(.) by extension 'ros'
[2.116s] Level 1:colcon.colcon_core.package_identification:_identify(.) by extensions ['cmake', 'python']
[2.116s] Level 1:colcon.colcon_core.package_identification:_identify(.) by extension 'cmake'
[2.116s] Level 1:colcon.colcon_core.package_identification:_identify(.) by extension 'python'
[2.116s] Level 1:colcon.colcon_core.package_identification:_identify(.) by extensions ['python_setup_py']
[2.116s] Level 1:colcon.colcon_core.package_identification:_identify(.) by extension 'python_setup_py'
[2.116s] Level 1:colcon.colcon_core.package_identification:_identify(build) by extensions ['ignore', 'ignore_ament_install']
[2.117s] Level 1:colcon.colcon_core.package_identification:_identify(build) by extension 'ignore'
[2.117s] Level 1:colcon.colcon_core.package_identification:_identify(build) ignored
[2.117s] Level 1:colcon.colcon_core.package_identification:_identify(install) by extensions ['ignore', 'ignore_ament_install']
[2.117s] Level 1:colcon.colcon_core.package_identification:_identify(install) by extension 'ignore'
[2.117s] Level 1:colcon.colcon_core.package_identification:_identify(install) ignored
[2.117s] Level 1:colcon.colcon_core.package_identification:_identify(log) by extensions ['ignore', 'ignore_ament_install']
[2.118s] Level 1:colcon.colcon_core.package_identification:_identify(log) by extension 'ignore'
[2.118s] Level 1:colcon.colcon_core.package_identification:_identify(log) ignored
[2.118s] Level 1:colcon.colcon_core.package_identification:_identify(src) by extensions ['ignore', 'ignore_ament_install']
[2.118s] Level 1:colcon.colcon_core.package_identification:_identify(src) by extension 'ignore'
[2.118s] Level 1:colcon.colcon_core.package_identification:_identify(src) by extension 'ignore_ament_install'
[2.118s] Level 1:colcon.colcon_core.package_identification:_identify(src) by extensions ['colcon_pkg']
[2.118s] Level 1:colcon.colcon_core.package_identification:_identify(src) by extension 'colcon_pkg'
[2.118s] Level 1:colcon.colcon_core.package_identification:_identify(src) by extensions ['colcon_meta']
[2.119s] Level 1:colcon.colcon_core.package_identification:_identify(src) by extension 'colcon_meta'
[2.119s] Level 1:colcon.colcon_core.package_identification:_identify(src) by extensions ['ros']
[2.119s] Level 1:colcon.colcon_core.package_identification:_identify(src) by extension 'ros'
[2.119s] Level 1:colcon.colcon_core.package_identification:_identify(src) by extensions ['cmake', 'python']
[2.119s] Level 1:colcon.colcon_core.package_identification:_identify(src) by extension 'cmake'
[2.119s] Level 1:colcon.colcon_core.package_identification:_identify(src) by extension 'python'
[2.119s] Level 1:colcon.colcon_core.package_identification:_identify(src) by extensions ['python_setup_py']
[2.119s] Level 1:colcon.colcon_core.package_identification:_identify(src) by extension 'python_setup_py'
[2.119s] Level 1:colcon.colcon_core.package_identification:_identify(src/robo_controller) by extensions ['ignore', 'ignore_ament_install']
[2.120s] Level 1:colcon.colcon_core.package_identification:_identify(src/robo_controller) by extension 'ignore'
[2.120s] Level 1:colcon.colcon_core.package_identification:_identify(src/robo_controller) by extension 'ignore_ament_install'
[2.120s] Level 1:colcon.colcon_core.package_identification:_identify(src/robo_controller) by extensions ['colcon_pkg']
[2.120s] Level 1:colcon.colcon_core.package_identification:_identify(src/robo_controller) by extension 'colcon_pkg'
[2.120s] Level 1:colcon.colcon_core.package_identification:_identify(src/robo_controller) by extensions ['colcon_meta']
[2.120s] Level 1:colcon.colcon_core.package_identification:_identify(src/robo_controller) by extension 'colcon_meta'
[2.120s] Level 1:colcon.colcon_core.package_identification:_identify(src/robo_controller) by extensions ['ros']
[2.120s] Level 1:colcon.colcon_core.package_identification:_identify(src/robo_controller) by extension 'ros'
[2.125s] DEBUG:colcon.colcon_core.package_identification:Package 'src/robo_controller' with type 'ros.ament_python' and name 'robo_controller'
[2.125s] Level 1:colcon.colcon_core.package_discovery:discover_packages(recursive) using defaults
[2.125s] Level 1:colcon.colcon_core.package_discovery:discover_packages(ignore) discover
[2.125s] Level 1:colcon.colcon_core.package_discovery:discover_packages(ignore) using defaults
[2.125s] Level 1:colcon.colcon_core.package_discovery:discover_packages(path) discover
[2.125s] Level 1:colcon.colcon_core.package_discovery:discover_packages(path) using defaults
[2.308s] Level 1:colcon.colcon_core.package_discovery:discover_packages(prefix_path) check parameters
[2.309s] Level 1:colcon.colcon_core.package_discovery:discover_packages(prefix_path) discover
[2.369s] DEBUG:colcon.colcon_installed_package_information.package_discovery:Found 1 installed packages in /home/fiend/ros2_ws/install
[2.400s] DEBUG:colcon.colcon_installed_package_information.package_discovery:Found 270 installed packages in /opt/ros/humble
[2.403s] Level 1:colcon.colcon_core.package_discovery:discover_packages(prefix_path) using defaults
[2.590s] Level 5:colcon.colcon_core.verb:set package 'robo_controller' build argument 'cmake_args' from command line to 'None'
[2.590s] Level 5:colcon.colcon_core.verb:set package 'robo_controller' build argument 'cmake_target' from command line to 'None'
[2.590s] Level 5:colcon.colcon_core.verb:set package 'robo_controller' build argument 'cmake_target_skip_unavailable' from command line to 'False'
[2.590s] Level 5:colcon.colcon_core.verb:set package 'robo_controller' build argument 'cmake_clean_cache' from command line to 'False'
[2.591s] Level 5:colcon.colcon_core.verb:set package 'robo_controller' build argument 'cmake_clean_first' from command line to 'False'
[2.591s] Level 5:colcon.colcon_core.verb:set package 'robo_controller' build argument 'cmake_force_configure' from command line to 'False'
[2.591s] Level 5:colcon.colcon_core.verb:set package 'robo_controller' build argument 'ament_cmake_args' from command line to 'None'
[2.591s] Level 5:colcon.colcon_core.verb:set package 'robo_controller' build argument 'catkin_cmake_args' from command line to 'None'
[2.591s] Level 5:colcon.colcon_core.verb:set package 'robo_controller' build argument 'catkin_skip_building_tests' from command line to 'False'
[2.591s] DEBUG:colcon.colcon_core.verb:Building package 'robo_controller' with the following arguments: {'ament_cmake_args': None, 'build_base': '/home/fiend/ros2_ws/build/robo_controller', 'catkin_cmake_args': None, 'catkin_skip_building_tests': False, 'cmake_args': None, 'cmake_clean_cache': False, 'cmake_clean_first': False, 'cmake_force_configure': False, 'cmake_target': None, 'cmake_target_skip_unavailable': False, 'install_base': '/home/fiend/ros2_ws/install/robo_controller', 'merge_install': False, 'path': '/home/fiend/ros2_ws/src/robo_controller', 'symlink_install': True, 'test_result_base': None}
[2.619s] INFO:colcon.colcon_core.executor:Executing jobs using 'parallel' executor
[2.650s] DEBUG:colcon.colcon_parallel_executor.executor.parallel:run_until_complete
[2.650s] INFO:colcon.colcon_ros.task.ament_python.build:Building ROS package in '/home/fiend/ros2_ws/src/robo_controller' with build type 'ament_python'
[2.650s] Level 1:colcon.colcon_core.shell:create_environment_hook('robo_controller', 'ament_prefix_path')
[2.683s] INFO:colcon.colcon_core.plugin_system:Skipping extension 'colcon_core.shell.bat': Not used on non-Windows systems
[2.684s] INFO:colcon.colcon_core.shell:Creating environment hook '/home/fiend/ros2_ws/install/robo_controller/share/robo_controller/hook/ament_prefix_path.ps1'
[2.685s] INFO:colcon.colcon_core.shell:Creating environment descriptor '/home/fiend/ros2_ws/install/robo_controller/share/robo_controller/hook/ament_prefix_path.dsv'
[2.685s] INFO:colcon.colcon_core.shell:Creating environment hook '/home/fiend/ros2_ws/install/robo_controller/share/robo_controller/hook/ament_prefix_path.sh'
[2.716s] INFO:colcon.colcon_core.shell:Skip shell extension 'powershell' for command environment: Not usable outside of PowerShell
[2.716s] DEBUG:colcon.colcon_core.shell:Skip shell extension 'dsv' for command environment
[3.297s] INFO:colcon.colcon_core.task.python.build:Building Python package in '/home/fiend/ros2_ws/src/robo_controller'
[3.326s] INFO:colcon.colcon_core.shell:Skip shell extension 'powershell' for command environment: Not usable outside of PowerShell
[3.326s] DEBUG:colcon.colcon_core.shell:Skip shell extension 'dsv' for command environment
[4.040s] DEBUG:colcon.colcon_core.task.python.build:While undoing a previous installation files outside the Python library path are being ignored: /home/fiend/ros2_ws/install/robo_controller/share/ament_index/resource_index/packages/robo_controller
[4.040s] DEBUG:colcon.colcon_core.task.python.build:While undoing a previous installation files outside the Python library path are being ignored: /home/fiend/ros2_ws/install/robo_controller/share/robo_controller/package.xml
[4.040s] DEBUG:colcon.colcon_core.task.python.build:While undoing a previous installation files outside the Python library path are being ignored: /home/fiend/ros2_ws/install/robo_controller/lib/robo_controller/test_node
[4.044s] DEBUG:colcon.colcon_core.event_handler.log_command:Invoking command in '/home/fiend/ros2_ws/build/robo_controller': PYTHONPATH=/home/fiend/ros2_ws/build/robo_controller/prefix_override:/home/fiend/ros2_ws/install/robo_controller/lib/python3.10/site-packages:${PYTHONPATH} /usr/bin/python3 setup.py develop --editable --build-directory /home/fiend/ros2_ws/build/robo_controller/build --no-deps install_data
[4.931s] Level 1:colcon.colcon_core.shell:create_environment_hook('robo_controller', 'pythonpath_develop')
[4.932s] DEBUG:colcon.colcon_core.event_handler.log_command:Invoked command in '/home/fiend/ros2_ws/build/robo_controller' returned '0': PYTHONPATH=/home/fiend/ros2_ws/build/robo_controller/prefix_override:/home/fiend/ros2_ws/install/robo_controller/lib/python3.10/site-packages:${PYTHONPATH} /usr/bin/python3 setup.py develop --editable --build-directory /home/fiend/ros2_ws/build/robo_controller/build --no-deps install_data
[4.962s] INFO:colcon.colcon_core.shell:Creating environment hook '/home/fiend/ros2_ws/build/robo_controller/share/robo_controller/hook/pythonpath_develop.ps1'
[4.963s] INFO:colcon.colcon_core.shell:Creating environment descriptor '/home/fiend/ros2_ws/build/robo_controller/share/robo_controller/hook/pythonpath_develop.dsv'
[4.964s] INFO:colcon.colcon_core.shell:Creating environment hook '/home/fiend/ros2_ws/build/robo_controller/share/robo_controller/hook/pythonpath_develop.sh'
[4.998s] Level 1:colcon.colcon_core.environment:checking '/home/fiend/ros2_ws/install/robo_controller' for CMake module files
[4.998s] Level 1:colcon.colcon_core.environment:checking '/home/fiend/ros2_ws/install/robo_controller' for CMake config files
[4.999s] Level 1:colcon.colcon_core.environment:checking '/home/fiend/ros2_ws/install/robo_controller/lib'
[5.000s] Level 1:colcon.colcon_core.environment:checking '/home/fiend/ros2_ws/install/robo_controller/bin'
[5.000s] Level 1:colcon.colcon_core.environment:checking '/home/fiend/ros2_ws/install/robo_controller/lib/pkgconfig/robo_controller.pc'
[5.000s] Level 1:colcon.colcon_core.environment:checking '/home/fiend/ros2_ws/install/robo_controller/lib/python3.10/site-packages'
[5.000s] Level 1:colcon.colcon_core.shell:create_environment_hook('robo_controller', 'pythonpath')
[5.030s] INFO:colcon.colcon_core.shell:Creating environment hook '/home/fiend/ros2_ws/install/robo_controller/share/robo_controller/hook/pythonpath.ps1'
[5.030s] INFO:colcon.colcon_core.shell:Creating environment descriptor '/home/fiend/ros2_ws/install/robo_controller/share/robo_controller/hook/pythonpath.dsv'
[5.031s] INFO:colcon.colcon_core.shell:Creating environment hook '/home/fiend/ros2_ws/install/robo_controller/share/robo_controller/hook/pythonpath.sh'
[5.032s] Level 1:colcon.colcon_core.environment:checking '/home/fiend/ros2_ws/install/robo_controller/bin'
[5.032s] Level 1:colcon.colcon_core.environment:create_environment_scripts_only(robo_controller)
[5.061s] INFO:colcon.colcon_core.shell:Creating package script '/home/fiend/ros2_ws/install/robo_controller/share/robo_controller/package.ps1'
[5.063s] INFO:colcon.colcon_core.shell:Creating package descriptor '/home/fiend/ros2_ws/install/robo_controller/share/robo_controller/package.dsv'
[5.064s] INFO:colcon.colcon_core.shell:Creating package script '/home/fiend/ros2_ws/install/robo_controller/share/robo_controller/package.sh'
[5.066s] INFO:colcon.colcon_core.shell:Creating package script '/home/fiend/ros2_ws/install/robo_controller/share/robo_controller/package.bash'
[5.067s] INFO:colcon.colcon_core.shell:Creating package script '/home/fiend/ros2_ws/install/robo_controller/share/robo_controller/package.zsh'
[5.068s] Level 1:colcon.colcon_core.environment:create_file_with_runtime_dependencies(/home/fiend/ros2_ws/install/robo_controller/share/colcon-core/packages/robo_controller)
[5.069s] DEBUG:colcon.colcon_parallel_executor.executor.parallel:closing loop
[5.069s] DEBUG:colcon.colcon_parallel_executor.executor.parallel:loop closed
[5.070s] DEBUG:colcon.colcon_parallel_executor.executor.parallel:run_until_complete finished with '0'
[5.070s] DEBUG:colcon.colcon_core.event_reactor:joining thread
[5.108s] INFO:colcon.colcon_core.plugin_system:Skipping extension 'colcon_notification.desktop_notification.terminal_notifier': Not used on non-Darwin systems
[5.108s] INFO:colcon.colcon_core.plugin_system:Skipping extension 'colcon_notification.desktop_notification.win32': Not used on non-Windows systems
[5.108s] INFO:colcon.colcon_notification.desktop_notification:Sending desktop notification using 'notify2'
[5.128s] DEBUG:colcon.colcon_core.event_reactor:joined thread
[5.158s] INFO:colcon.colcon_core.shell:Creating prefix script '/home/fiend/ros2_ws/install/local_setup.ps1'
[5.160s] INFO:colcon.colcon_core.shell:Creating prefix util module '/home/fiend/ros2_ws/install/_local_setup_util_ps1.py'
[5.163s] INFO:colcon.colcon_core.shell:Creating prefix chain script '/home/fiend/ros2_ws/install/setup.ps1'
[5.195s] INFO:colcon.colcon_core.shell:Creating prefix script '/home/fiend/ros2_ws/install/local_setup.sh'
[5.196s] INFO:colcon.colcon_core.shell:Creating prefix util module '/home/fiend/ros2_ws/install/_local_setup_util_sh.py'
[5.197s] INFO:colcon.colcon_core.shell:Creating prefix chain script '/home/fiend/ros2_ws/install/setup.sh'
[5.228s] INFO:colcon.colcon_core.shell:Creating prefix script '/home/fiend/ros2_ws/install/local_setup.bash'
[5.229s] INFO:colcon.colcon_core.shell:Creating prefix chain script '/home/fiend/ros2_ws/install/setup.bash'
[5.260s] INFO:colcon.colcon_core.shell:Creating prefix script '/home/fiend/ros2_ws/install/local_setup.zsh'
[5.261s] INFO:colcon.colcon_core.shell:Creating prefix chain script '/home/fiend/ros2_ws/install/setup.zsh'
