[0.572s] Invoking command in '/home/fiend/ros2_ws/src/robo_controller': PYTHONPATH=/home/fiend/ros2_ws/build/robo_controller/prefix_override:/home/fiend/ros2_ws/install/robo_controller/lib/python3.10/site-packages:${PYTHONPATH} /usr/bin/python3 setup.py egg_info --egg-base ../../build/robo_controller build --build-base /home/fiend/ros2_ws/build/robo_controller/build install --record /home/fiend/ros2_ws/build/robo_controller/install.log --single-version-externally-managed
[0.749s] running egg_info
[0.750s] creating ../../build/robo_controller/robo_controller.egg-info
[0.750s] writing ../../build/robo_controller/robo_controller.egg-info/PKG-INFO
[0.750s] writing dependency_links to ../../build/robo_controller/robo_controller.egg-info/dependency_links.txt
[0.750s] writing entry points to ../../build/robo_controller/robo_controller.egg-info/entry_points.txt
[0.750s] writing requirements to ../../build/robo_controller/robo_controller.egg-info/requires.txt
[0.750s] writing top-level names to ../../build/robo_controller/robo_controller.egg-info/top_level.txt
[0.750s] writing manifest file '../../build/robo_controller/robo_controller.egg-info/SOURCES.txt'
[0.752s] reading manifest file '../../build/robo_controller/robo_controller.egg-info/SOURCES.txt'
[0.752s] writing manifest file '../../build/robo_controller/robo_controller.egg-info/SOURCES.txt'
[0.753s] running build
[0.753s] running build_py
[0.753s] creating /home/fiend/ros2_ws/build/robo_controller/build
[0.753s] creating /home/fiend/ros2_ws/build/robo_controller/build/lib
[0.753s] creating /home/fiend/ros2_ws/build/robo_controller/build/lib/robo_controller
[0.753s] copying robo_controller/__init__.py -> /home/fiend/ros2_ws/build/robo_controller/build/lib/robo_controller
[0.753s] running install
[0.753s] /usr/lib/python3/dist-packages/setuptools/command/install.py:34: SetuptoolsDeprecationWarning: setup.py install is deprecated. Use build and pip and other standards-based tools.
[0.753s]   warnings.warn(
[0.753s] running install_lib
[0.754s] creating /home/fiend/ros2_ws/install/robo_controller/lib/python3.10/site-packages/robo_controller
[0.754s] copying /home/fiend/ros2_ws/build/robo_controller/build/lib/robo_controller/__init__.py -> /home/fiend/ros2_ws/install/robo_controller/lib/python3.10/site-packages/robo_controller
[0.754s] byte-compiling /home/fiend/ros2_ws/install/robo_controller/lib/python3.10/site-packages/robo_controller/__init__.py to __init__.cpython-310.pyc
[0.754s] running install_data
[0.755s] creating /home/fiend/ros2_ws/install/robo_controller/share/ament_index
[0.755s] creating /home/fiend/ros2_ws/install/robo_controller/share/ament_index/resource_index
[0.755s] creating /home/fiend/ros2_ws/install/robo_controller/share/ament_index/resource_index/packages
[0.755s] copying resource/robo_controller -> /home/fiend/ros2_ws/install/robo_controller/share/ament_index/resource_index/packages
[0.755s] copying package.xml -> /home/fiend/ros2_ws/install/robo_controller/share/robo_controller
[0.755s] running install_egg_info
[0.756s] Copying ../../build/robo_controller/robo_controller.egg-info to /home/fiend/ros2_ws/install/robo_controller/lib/python3.10/site-packages/robo_controller-0.0.0-py3.10.egg-info
[0.757s] running install_scripts
[0.773s] writing list of installed files to '/home/fiend/ros2_ws/build/robo_controller/install.log'
[0.792s] Invoked command in '/home/fiend/ros2_ws/src/robo_controller' returned '0': PYTHONPATH=/home/fiend/ros2_ws/build/robo_controller/prefix_override:/home/fiend/ros2_ws/install/robo_controller/lib/python3.10/site-packages:${PYTHONPATH} /usr/bin/python3 setup.py egg_info --egg-base ../../build/robo_controller build --build-base /home/fiend/ros2_ws/build/robo_controller/build install --record /home/fiend/ros2_ws/build/robo_controller/install.log --single-version-externally-managed
