running develop
/usr/lib/python3/dist-packages/setuptools/command/easy_install.py:158: EasyInstallDeprecationWarning: easy_install command is deprecated. Use build and pip and other standards-based tools.
  warnings.warn(
/usr/lib/python3/dist-packages/setuptools/command/install.py:34: SetuptoolsDeprecationWarning: setup.py install is deprecated. Use build and pip and other standards-based tools.
  warnings.warn(
running egg_info
writing robo_controller.egg-info/PKG-INFO
writing dependency_links to robo_controller.egg-info/dependency_links.txt
writing entry points to robo_controller.egg-info/entry_points.txt
writing requirements to robo_controller.egg-info/requires.txt
writing top-level names to robo_controller.egg-info/top_level.txt
reading manifest file 'robo_controller.egg-info/SOURCES.txt'
writing manifest file 'robo_controller.egg-info/SOURCES.txt'
running build_ext
Creating /home/fiend/ros2_ws/install/robo_controller/lib/python3.10/site-packages/robo-controller.egg-link (link to .)
Installing circle script to /home/fiend/ros2_ws/install/robo_controller/lib/robo_controller
Installing test_node script to /home/fiend/ros2_ws/install/robo_controller/lib/robo_controller

Installed /home/fiend/ros2_ws/build/robo_controller
running install_data
copying package.xml -> /home/fiend/ros2_ws/install/robo_controller/share/robo_controller
