[1.992s] DEBUG:colcon:Command line arguments: ['/usr/bin/colcon', 'build']
[1.992s] DEBUG:colcon:Parsed command line arguments: Namespace(log_base=None, log_level=None, verb_name='build', build_base='build', install_base='install', merge_install=False, symlink_install=False, test_result_base=None, continue_on_error=False, executor='parallel', parallel_workers=8, event_handlers=None, ignore_user_meta=False, metas=['./colcon.meta'], base_paths=['.'], packages_ignore=None, packages_ignore_regex=None, paths=None, packages_up_to=None, packages_up_to_regex=None, packages_above=None, packages_above_and_dependencies=None, packages_above_depth=None, packages_select_by_dep=None, packages_skip_by_dep=None, packages_skip_up_to=None, packages_select_build_failed=False, packages_skip_build_finished=False, packages_select_test_failures=False, packages_skip_test_passed=False, packages_select=None, packages_skip=None, packages_select_regex=None, packages_skip_regex=None, packages_start=None, packages_end=None, allow_overriding=[], cmake_args=None, cmake_target=None, cmake_target_skip_unavailable=False, cmake_clean_cache=False, cmake_clean_first=False, cmake_force_configure=False, ament_cmake_args=None, catkin_cmake_args=None, catkin_skip_building_tests=False, verb_parser=<colcon_defaults.argument_parser.defaults.DefaultArgumentsDecorator object at 0x7f18d1af6950>, verb_extension=<colcon_core.verb.build.BuildVerb object at 0x7f18d1af4f10>, main=<bound method BuildVerb.main of <colcon_core.verb.build.BuildVerb object at 0x7f18d1af4f10>>)
[2.086s] Level 1:colcon.colcon_core.package_discovery:discover_packages(colcon_meta) check parameters
[2.086s] Level 1:colcon.colcon_core.package_discovery:discover_packages(recursive) check parameters
[2.086s] Level 1:colcon.colcon_core.package_discovery:discover_packages(ignore) check parameters
[2.086s] Level 1:colcon.colcon_core.package_discovery:discover_packages(path) check parameters
[2.086s] Level 1:colcon.colcon_core.package_discovery:discover_packages(colcon_meta) discover
[2.086s] Level 1:colcon.colcon_core.package_discovery:discover_packages(recursive) discover
[2.086s] INFO:colcon.colcon_core.package_discovery:Crawling recursively for packages in '/home/fiend/ros2_ws'
[2.087s] Level 1:colcon.colcon_core.package_identification:_identify(.) by extensions ['ignore', 'ignore_ament_install']
[2.087s] Level 1:colcon.colcon_core.package_identification:_identify(.) by extension 'ignore'
[2.087s] Level 1:colcon.colcon_core.package_identification:_identify(.) by extension 'ignore_ament_install'
[2.087s] Level 1:colcon.colcon_core.package_identification:_identify(.) by extensions ['colcon_pkg']
[2.087s] Level 1:colcon.colcon_core.package_identification:_identify(.) by extension 'colcon_pkg'
[2.087s] Level 1:colcon.colcon_core.package_identification:_identify(.) by extensions ['colcon_meta']
[2.087s] Level 1:colcon.colcon_core.package_identification:_identify(.) by extension 'colcon_meta'
[2.087s] Level 1:colcon.colcon_core.package_identification:_identify(.) by extensions ['ros']
[2.087s] Level 1:colcon.colcon_core.package_identification:_identify(.) by extension 'ros'
[2.111s] Level 1:colcon.colcon_core.package_identification:_identify(.) by extensions ['cmake', 'python']
[2.111s] Level 1:colcon.colcon_core.package_identification:_identify(.) by extension 'cmake'
[2.111s] Level 1:colcon.colcon_core.package_identification:_identify(.) by extension 'python'
[2.111s] Level 1:colcon.colcon_core.package_identification:_identify(.) by extensions ['python_setup_py']
[2.111s] Level 1:colcon.colcon_core.package_identification:_identify(.) by extension 'python_setup_py'
[2.111s] Level 1:colcon.colcon_core.package_identification:_identify(build) by extensions ['ignore', 'ignore_ament_install']
[2.111s] Level 1:colcon.colcon_core.package_identification:_identify(build) by extension 'ignore'
[2.112s] Level 1:colcon.colcon_core.package_identification:_identify(build) ignored
[2.112s] Level 1:colcon.colcon_core.package_identification:_identify(install) by extensions ['ignore', 'ignore_ament_install']
[2.112s] Level 1:colcon.colcon_core.package_identification:_identify(install) by extension 'ignore'
[2.112s] Level 1:colcon.colcon_core.package_identification:_identify(install) ignored
[2.112s] Level 1:colcon.colcon_core.package_identification:_identify(log) by extensions ['ignore', 'ignore_ament_install']
[2.112s] Level 1:colcon.colcon_core.package_identification:_identify(log) by extension 'ignore'
[2.113s] Level 1:colcon.colcon_core.package_identification:_identify(log) ignored
[2.113s] Level 1:colcon.colcon_core.package_identification:_identify(src) by extensions ['ignore', 'ignore_ament_install']
[2.113s] Level 1:colcon.colcon_core.package_identification:_identify(src) by extension 'ignore'
[2.113s] Level 1:colcon.colcon_core.package_identification:_identify(src) by extension 'ignore_ament_install'
[2.113s] Level 1:colcon.colcon_core.package_identification:_identify(src) by extensions ['colcon_pkg']
[2.113s] Level 1:colcon.colcon_core.package_identification:_identify(src) by extension 'colcon_pkg'
[2.113s] Level 1:colcon.colcon_core.package_identification:_identify(src) by extensions ['colcon_meta']
[2.113s] Level 1:colcon.colcon_core.package_identification:_identify(src) by extension 'colcon_meta'
[2.113s] Level 1:colcon.colcon_core.package_identification:_identify(src) by extensions ['ros']
[2.114s] Level 1:colcon.colcon_core.package_identification:_identify(src) by extension 'ros'
[2.114s] Level 1:colcon.colcon_core.package_identification:_identify(src) by extensions ['cmake', 'python']
[2.114s] Level 1:colcon.colcon_core.package_identification:_identify(src) by extension 'cmake'
[2.114s] Level 1:colcon.colcon_core.package_identification:_identify(src) by extension 'python'
[2.114s] Level 1:colcon.colcon_core.package_identification:_identify(src) by extensions ['python_setup_py']
[2.114s] Level 1:colcon.colcon_core.package_identification:_identify(src) by extension 'python_setup_py'
[2.114s] Level 1:colcon.colcon_core.package_identification:_identify(src/robo_controller) by extensions ['ignore', 'ignore_ament_install']
[2.114s] Level 1:colcon.colcon_core.package_identification:_identify(src/robo_controller) by extension 'ignore'
[2.114s] Level 1:colcon.colcon_core.package_identification:_identify(src/robo_controller) by extension 'ignore_ament_install'
[2.115s] Level 1:colcon.colcon_core.package_identification:_identify(src/robo_controller) by extensions ['colcon_pkg']
[2.115s] Level 1:colcon.colcon_core.package_identification:_identify(src/robo_controller) by extension 'colcon_pkg'
[2.115s] Level 1:colcon.colcon_core.package_identification:_identify(src/robo_controller) by extensions ['colcon_meta']
[2.115s] Level 1:colcon.colcon_core.package_identification:_identify(src/robo_controller) by extension 'colcon_meta'
[2.115s] Level 1:colcon.colcon_core.package_identification:_identify(src/robo_controller) by extensions ['ros']
[2.115s] Level 1:colcon.colcon_core.package_identification:_identify(src/robo_controller) by extension 'ros'
[2.120s] DEBUG:colcon.colcon_core.package_identification:Package 'src/robo_controller' with type 'ros.ament_python' and name 'robo_controller'
[2.120s] Level 1:colcon.colcon_core.package_discovery:discover_packages(recursive) using defaults
[2.120s] Level 1:colcon.colcon_core.package_discovery:discover_packages(ignore) discover
[2.120s] Level 1:colcon.colcon_core.package_discovery:discover_packages(ignore) using defaults
[2.120s] Level 1:colcon.colcon_core.package_discovery:discover_packages(path) discover
[2.120s] Level 1:colcon.colcon_core.package_discovery:discover_packages(path) using defaults
[2.302s] Level 1:colcon.colcon_core.package_discovery:discover_packages(prefix_path) check parameters
[2.302s] Level 1:colcon.colcon_core.package_discovery:discover_packages(prefix_path) discover
[2.362s] DEBUG:colcon.colcon_installed_package_information.package_discovery:Found 1 installed packages in /home/fiend/ros2_ws/install
[2.392s] DEBUG:colcon.colcon_installed_package_information.package_discovery:Found 270 installed packages in /opt/ros/humble
[2.395s] Level 1:colcon.colcon_core.package_discovery:discover_packages(prefix_path) using defaults
[2.583s] Level 5:colcon.colcon_core.verb:set package 'robo_controller' build argument 'cmake_args' from command line to 'None'
[2.583s] Level 5:colcon.colcon_core.verb:set package 'robo_controller' build argument 'cmake_target' from command line to 'None'
[2.583s] Level 5:colcon.colcon_core.verb:set package 'robo_controller' build argument 'cmake_target_skip_unavailable' from command line to 'False'
[2.583s] Level 5:colcon.colcon_core.verb:set package 'robo_controller' build argument 'cmake_clean_cache' from command line to 'False'
[2.583s] Level 5:colcon.colcon_core.verb:set package 'robo_controller' build argument 'cmake_clean_first' from command line to 'False'
[2.583s] Level 5:colcon.colcon_core.verb:set package 'robo_controller' build argument 'cmake_force_configure' from command line to 'False'
[2.583s] Level 5:colcon.colcon_core.verb:set package 'robo_controller' build argument 'ament_cmake_args' from command line to 'None'
[2.583s] Level 5:colcon.colcon_core.verb:set package 'robo_controller' build argument 'catkin_cmake_args' from command line to 'None'
[2.583s] Level 5:colcon.colcon_core.verb:set package 'robo_controller' build argument 'catkin_skip_building_tests' from command line to 'False'
[2.583s] DEBUG:colcon.colcon_core.verb:Building package 'robo_controller' with the following arguments: {'ament_cmake_args': None, 'build_base': '/home/fiend/ros2_ws/build/robo_controller', 'catkin_cmake_args': None, 'catkin_skip_building_tests': False, 'cmake_args': None, 'cmake_clean_cache': False, 'cmake_clean_first': False, 'cmake_force_configure': False, 'cmake_target': None, 'cmake_target_skip_unavailable': False, 'install_base': '/home/fiend/ros2_ws/install/robo_controller', 'merge_install': False, 'path': '/home/fiend/ros2_ws/src/robo_controller', 'symlink_install': False, 'test_result_base': None}
[2.612s] INFO:colcon.colcon_core.executor:Executing jobs using 'parallel' executor
[2.642s] DEBUG:colcon.colcon_parallel_executor.executor.parallel:run_until_complete
[2.642s] INFO:colcon.colcon_ros.task.ament_python.build:Building ROS package in '/home/fiend/ros2_ws/src/robo_controller' with build type 'ament_python'
[2.642s] Level 1:colcon.colcon_core.shell:create_environment_hook('robo_controller', 'ament_prefix_path')
[2.674s] INFO:colcon.colcon_core.plugin_system:Skipping extension 'colcon_core.shell.bat': Not used on non-Windows systems
[2.675s] INFO:colcon.colcon_core.shell:Creating environment hook '/home/fiend/ros2_ws/install/robo_controller/share/robo_controller/hook/ament_prefix_path.ps1'
[2.676s] INFO:colcon.colcon_core.shell:Creating environment descriptor '/home/fiend/ros2_ws/install/robo_controller/share/robo_controller/hook/ament_prefix_path.dsv'
[2.677s] INFO:colcon.colcon_core.shell:Creating environment hook '/home/fiend/ros2_ws/install/robo_controller/share/robo_controller/hook/ament_prefix_path.sh'
[2.707s] INFO:colcon.colcon_core.shell:Skip shell extension 'powershell' for command environment: Not usable outside of PowerShell
[2.707s] DEBUG:colcon.colcon_core.shell:Skip shell extension 'dsv' for command environment
[3.296s] INFO:colcon.colcon_core.task.python.build:Building Python package in '/home/fiend/ros2_ws/src/robo_controller'
[3.325s] INFO:colcon.colcon_core.shell:Skip shell extension 'powershell' for command environment: Not usable outside of PowerShell
[3.325s] DEBUG:colcon.colcon_core.shell:Skip shell extension 'dsv' for command environment
[4.047s] DEBUG:colcon.colcon_core.event_handler.log_command:Invoking command in '/home/fiend/ros2_ws/src/robo_controller': PYTHONPATH=/home/fiend/ros2_ws/build/robo_controller/prefix_override:/home/fiend/ros2_ws/install/robo_controller/lib/python3.10/site-packages:${PYTHONPATH} /usr/bin/python3 setup.py egg_info --egg-base ../../build/robo_controller build --build-base /home/fiend/ros2_ws/build/robo_controller/build install --record /home/fiend/ros2_ws/build/robo_controller/install.log --single-version-externally-managed
[4.604s] DEBUG:colcon.colcon_core.event_handler.log_command:Invoked command in '/home/fiend/ros2_ws/src/robo_controller' returned '0': PYTHONPATH=/home/fiend/ros2_ws/build/robo_controller/prefix_override:/home/fiend/ros2_ws/install/robo_controller/lib/python3.10/site-packages:${PYTHONPATH} /usr/bin/python3 setup.py egg_info --egg-base ../../build/robo_controller build --build-base /home/fiend/ros2_ws/build/robo_controller/build install --record /home/fiend/ros2_ws/build/robo_controller/install.log --single-version-externally-managed
[4.636s] Level 1:colcon.colcon_core.environment:checking '/home/fiend/ros2_ws/install/robo_controller' for CMake module files
[4.637s] Level 1:colcon.colcon_core.environment:checking '/home/fiend/ros2_ws/install/robo_controller' for CMake config files
[4.638s] Level 1:colcon.colcon_core.environment:checking '/home/fiend/ros2_ws/install/robo_controller/lib'
[4.639s] Level 1:colcon.colcon_core.environment:checking '/home/fiend/ros2_ws/install/robo_controller/bin'
[4.639s] Level 1:colcon.colcon_core.environment:checking '/home/fiend/ros2_ws/install/robo_controller/lib/pkgconfig/robo_controller.pc'
[4.639s] Level 1:colcon.colcon_core.environment:checking '/home/fiend/ros2_ws/install/robo_controller/lib/python3.10/site-packages'
[4.639s] Level 1:colcon.colcon_core.shell:create_environment_hook('robo_controller', 'pythonpath')
[4.669s] INFO:colcon.colcon_core.shell:Creating environment hook '/home/fiend/ros2_ws/install/robo_controller/share/robo_controller/hook/pythonpath.ps1'
[4.670s] INFO:colcon.colcon_core.shell:Creating environment descriptor '/home/fiend/ros2_ws/install/robo_controller/share/robo_controller/hook/pythonpath.dsv'
[4.670s] INFO:colcon.colcon_core.shell:Creating environment hook '/home/fiend/ros2_ws/install/robo_controller/share/robo_controller/hook/pythonpath.sh'
[4.671s] Level 1:colcon.colcon_core.environment:checking '/home/fiend/ros2_ws/install/robo_controller/bin'
[4.672s] Level 1:colcon.colcon_core.environment:create_environment_scripts_only(robo_controller)
[4.702s] INFO:colcon.colcon_core.shell:Creating package script '/home/fiend/ros2_ws/install/robo_controller/share/robo_controller/package.ps1'
[4.704s] INFO:colcon.colcon_core.shell:Creating package descriptor '/home/fiend/ros2_ws/install/robo_controller/share/robo_controller/package.dsv'
[4.705s] INFO:colcon.colcon_core.shell:Creating package script '/home/fiend/ros2_ws/install/robo_controller/share/robo_controller/package.sh'
[4.706s] INFO:colcon.colcon_core.shell:Creating package script '/home/fiend/ros2_ws/install/robo_controller/share/robo_controller/package.bash'
[4.708s] INFO:colcon.colcon_core.shell:Creating package script '/home/fiend/ros2_ws/install/robo_controller/share/robo_controller/package.zsh'
[4.709s] Level 1:colcon.colcon_core.environment:create_file_with_runtime_dependencies(/home/fiend/ros2_ws/install/robo_controller/share/colcon-core/packages/robo_controller)
[4.710s] DEBUG:colcon.colcon_parallel_executor.executor.parallel:closing loop
[4.710s] DEBUG:colcon.colcon_parallel_executor.executor.parallel:loop closed
[4.710s] DEBUG:colcon.colcon_parallel_executor.executor.parallel:run_until_complete finished with '0'
[4.711s] DEBUG:colcon.colcon_core.event_reactor:joining thread
[4.749s] INFO:colcon.colcon_core.plugin_system:Skipping extension 'colcon_notification.desktop_notification.terminal_notifier': Not used on non-Darwin systems
[4.749s] INFO:colcon.colcon_core.plugin_system:Skipping extension 'colcon_notification.desktop_notification.win32': Not used on non-Windows systems
[4.749s] INFO:colcon.colcon_notification.desktop_notification:Sending desktop notification using 'notify2'
[4.769s] DEBUG:colcon.colcon_core.event_reactor:joined thread
[4.800s] INFO:colcon.colcon_core.shell:Creating prefix script '/home/fiend/ros2_ws/install/local_setup.ps1'
[4.802s] INFO:colcon.colcon_core.shell:Creating prefix util module '/home/fiend/ros2_ws/install/_local_setup_util_ps1.py'
[4.805s] INFO:colcon.colcon_core.shell:Creating prefix chain script '/home/fiend/ros2_ws/install/setup.ps1'
[4.836s] INFO:colcon.colcon_core.shell:Creating prefix script '/home/fiend/ros2_ws/install/local_setup.sh'
[4.837s] INFO:colcon.colcon_core.shell:Creating prefix util module '/home/fiend/ros2_ws/install/_local_setup_util_sh.py'
[4.838s] INFO:colcon.colcon_core.shell:Creating prefix chain script '/home/fiend/ros2_ws/install/setup.sh'
[4.869s] INFO:colcon.colcon_core.shell:Creating prefix script '/home/fiend/ros2_ws/install/local_setup.bash'
[4.870s] INFO:colcon.colcon_core.shell:Creating prefix chain script '/home/fiend/ros2_ws/install/setup.bash'
[4.900s] INFO:colcon.colcon_core.shell:Creating prefix script '/home/fiend/ros2_ws/install/local_setup.zsh'
[4.901s] INFO:colcon.colcon_core.shell:Creating prefix chain script '/home/fiend/ros2_ws/install/setup.zsh'
