[1.392s] Invoking command in '/home/fiend/ros2_ws/build/robo_controller': PYTHONPATH=/home/fiend/ros2_ws/build/robo_controller/prefix_override:/home/fiend/ros2_ws/install/robo_controller/lib/python3.10/site-packages:${PYTHONPATH} /usr/bin/python3 setup.py develop --editable --build-directory /home/fiend/ros2_ws/build/robo_controller/build --no-deps install_data
[1.899s] running develop
[1.907s] /usr/lib/python3/dist-packages/setuptools/command/easy_install.py:158: EasyInstallDeprecationWarning: easy_install command is deprecated. Use build and pip and other standards-based tools.
[1.907s]   warnings.warn(
[1.909s] /usr/lib/python3/dist-packages/setuptools/command/install.py:34: SetuptoolsDeprecationWarning: setup.py install is deprecated. Use build and pip and other standards-based tools.
[1.910s]   warnings.warn(
[2.224s] running egg_info
[2.224s] writing robo_controller.egg-info/PKG-INFO
[2.225s] writing dependency_links to robo_controller.egg-info/dependency_links.txt
[2.225s] writing entry points to robo_controller.egg-info/entry_points.txt
[2.225s] writing requirements to robo_controller.egg-info/requires.txt
[2.226s] writing top-level names to robo_controller.egg-info/top_level.txt
[2.229s] reading manifest file 'robo_controller.egg-info/SOURCES.txt'
[2.230s] writing manifest file 'robo_controller.egg-info/SOURCES.txt'
[2.233s] running build_ext
[2.233s] Creating /home/fiend/ros2_ws/install/robo_controller/lib/python3.10/site-packages/robo-controller.egg-link (link to .)
[2.235s] Installing test_node script to /home/fiend/ros2_ws/install/robo_controller/lib/robo_controller
[2.236s] 
[2.236s] Installed /home/fiend/ros2_ws/build/robo_controller
[2.236s] running install_data
[2.281s] Invoked command in '/home/fiend/ros2_ws/build/robo_controller' returned '0': PYTHONPATH=/home/fiend/ros2_ws/build/robo_controller/prefix_override:/home/fiend/ros2_ws/install/robo_controller/lib/python3.10/site-packages:${PYTHONPATH} /usr/bin/python3 setup.py develop --editable --build-directory /home/fiend/ros2_ws/build/robo_controller/build --no-deps install_data
